
events.js:48
        throw arguments[1]; // Unhandled 'error' event
                       ^
Error: EBADF, bad file descriptor
The "sys" module is now called "util". It should have a similar interface.

DEBUG: Running node-supervisor with
DEBUG:   program 'main.js'
DEBUG:   --watch 'main.js'
DEBUG:   --extensions 'node|js'
DEBUG:   --exec 'node'

DEBUG: Starting child process with 'node main.js'
DEBUG: Watching directory '/home/web/spider/parser/main.js' for changes.
[1m[35m Name: [39m[22m[35msender              [39m [33mhook::connected                         [39m[1m[36m Type: [39m[22m[36mhook           [39m[1m[90m Data: [39m[22m[90m5000[39m
[1m[35m Name: [39m[22m[35msender              [39m [33mhook::started                           [39m[1m[36m Type: [39m[22m[36mhook           [39m[1m[90m Data: [39m[22m[90m5000[39m
[1m[35m Name: [39m[22m[35msender              [39m [33mhook::ready                             [39m[1m[36m Type: [39m[22m[36mhook           [39m[1m[90m Data: [39m[22m[90m{"name":"sender","type":"hook","pkginfo":{"version ... [39m
Hook Ready.
[Tue Dec 27 2011 19:03:03 GMT+0800 (CST)]: Check Task.
[Tue Dec 27 2011 19:03:03 GMT+0800 (CST)]: Check Succeed. No Task.
[Tue Dec 27 2011 19:03:13 GMT+0800 (CST)]: Check Task.
[Tue Dec 27 2011 19:03:13 GMT+0800 (CST)]: Check Succeed. No Task.
[Tue Dec 27 2011 19:03:23 GMT+0800 (CST)]: Check Task.
[Tue Dec 27 2011 19:03:23 GMT+0800 (CST)]: Check Succeed. No Task.
[Tue Dec 27 2011 19:03:33 GMT+0800 (CST)]: Check Task.
[Tue Dec 27 2011 19:03:33 GMT+0800 (CST)]: Check Succeed. No Task.
[Tue Dec 27 2011 19:03:43 GMT+0800 (CST)]: Check Task.
[Tue Dec 27 2011 19:03:43 GMT+0800 (CST)]: Check Succeed. No Task.
[Tue Dec 27 2011 19:03:53 GMT+0800 (CST)]: Check Task.
[Tue Dec 27 2011 19:03:53 GMT+0800 (CST)]: Check Succeed. No Task.
